<?xml version="1.0" encoding="UTF-8"?>
<!-- Generated by org.testng.reporters.JUnitReportReporter -->
<testsuite hostname="DESKTOP-4NJAQFS" name="T2NeuspesnoPrijavljivanjeKorImePrazno" tests="1" failures="0" timestamp="9 Jun 2024 00:58:59 GMT" time="0.174" errors="0">
  <testcase name="testPrijavljivanje" time="0.174" classname="T2NeuspesnoPrijavljivanjeKorImePrazno"/>
</testsuite> <!-- T2NeuspesnoPrijavljivanjeKorImePrazno -->
