<?xml version="1.0" encoding="UTF-8"?>
<!-- Generated by org.testng.reporters.JUnitReportReporter -->
<testsuite hostname="DESKTOP-4NJAQFS" name="T1UspesnoPrijavljivanjeAdmnistratora" tests="1" failures="0" timestamp="9 Jun 2024 00:48:08 GMT" time="0.221" errors="0">
  <testcase name="prijavljivanjeTest" time="0.221" classname="T1UspesnoPrijavljivanjeAdmnistratora"/>
</testsuite> <!-- T1UspesnoPrijavljivanjeAdmnistratora -->
