<?xml version="1.0" encoding="UTF-8"?>
<!-- Generated by org.testng.reporters.JUnitReportReporter -->
<testsuite hostname="DESKTOP-4NJAQFS" name="T4NeuspesnoPrijavljivanjePogresnaLozinka" tests="1" failures="0" timestamp="9 Jun 2024 01:04:50 GMT" time="0.232" errors="0">
  <testcase name="testPrijavljivanje" time="0.232" classname="T4NeuspesnoPrijavljivanjePogresnaLozinka"/>
</testsuite> <!-- T4NeuspesnoPrijavljivanjePogresnaLozinka -->
