<?xml version="1.0" encoding="UTF-8"?>
<!-- Generated by org.testng.reporters.JUnitReportReporter -->
<testsuite hostname="DESKTOP-4NJAQFS" name="T3NeuspesnoPrijavljivanjeLozinkaPrazna" tests="1" failures="0" timestamp="9 Jun 2024 01:01:08 GMT" time="0.181" errors="0">
  <testcase name="testPrijavljivanje" time="0.181" classname="T3NeuspesnoPrijavljivanjeLozinkaPrazna"/>
</testsuite> <!-- T3NeuspesnoPrijavljivanjeLozinkaPrazna -->
