<?xml version="1.0" encoding="UTF-8"?>
<!-- Generated by org.testng.reporters.JUnitReportReporter -->
<testsuite hostname="DESKTOP-4V6P352" name="Test4_NeuspjesnoLogovanje_LozinkaNeOdgovaraImenu" tests="1" failures="0" timestamp="10 Jun 2024 17:07:54 GMT" time="0.047" errors="0">
  <testcase name="testPrijavljivanje" time="0.047" classname="Test4_NeuspjesnoLogovanje_LozinkaNeOdgovaraImenu"/>
</testsuite> <!-- Test4_NeuspjesnoLogovanje_LozinkaNeOdgovaraImenu -->
