<?xml version="1.0" encoding="UTF-8"?>
<!-- Generated by org.testng.reporters.JUnitReportReporter -->
<testsuite hostname="DESKTOP-4V6P352" name="Test3_NeuspjesnoLogovanje_LozinkaJePrazna" tests="1" failures="0" timestamp="10 Jun 2024 17:07:49 GMT" time="0.045" errors="0">
  <testcase name="testPrijavljivanje" time="0.045" classname="Test3_NeuspjesnoLogovanje_LozinkaJePrazna"/>
</testsuite> <!-- Test3_NeuspjesnoLogovanje_LozinkaJePrazna -->
