<?xml version="1.0" encoding="UTF-8"?>
<!-- Generated by org.testng.reporters.JUnitReportReporter -->
<testsuite hostname="DESKTOP-4V6P352" name="Testa1_UspjesnoLogovanjeKorisnika" tests="1" failures="0" timestamp="10 Jun 2024 17:08:00 GMT" time="0.048" errors="0">
  <testcase name="logovanjeTest" time="0.048" classname="Testa1_UspjesnoLogovanjeKorisnika"/>
</testsuite> <!-- Testa1_UspjesnoLogovanjeKorisnika -->
