<?xml version="1.0" encoding="UTF-8"?>
<!-- Generated by org.testng.reporters.JUnitReportReporter -->
<testsuite hostname="DESKTOP-4V6P352" name="Test2_NeuspjesnoLogovanje_KorImeJePrazno" tests="1" failures="0" timestamp="10 Jun 2024 17:07:41 GMT" time="0.047" errors="0">
  <testcase name="logovanjeTest" time="0.047" classname="Test2_NeuspjesnoLogovanje_KorImeJePrazno"/>
</testsuite> <!-- Test2_NeuspjesnoLogovanje_KorImeJePrazno -->
